2022-08-30T06:50:50,194 - CPUUtilization.Percent:0.0|#Level:Host|#hostname:86d5c1074db1,timestamp:1661842250
2022-08-30T06:50:50,197 - DiskAvailable.Gigabytes:51.5458869934082|#Level:Host|#hostname:86d5c1074db1,timestamp:1661842250
2022-08-30T06:50:50,197 - DiskUsage.Gigabytes:392.5061454772949|#Level:Host|#hostname:86d5c1074db1,timestamp:1661842250
2022-08-30T06:50:50,197 - DiskUtilization.Percent:88.4|#Level:Host|#hostname:86d5c1074db1,timestamp:1661842250
2022-08-30T06:50:50,198 - GPUMemoryUtilization.Percent:8.235677083333334|#Level:Host,device_id:0|#hostname:86d5c1074db1,timestamp:1661842250
2022-08-30T06:50:50,198 - GPUMemoryUsed.Megabytes:506|#Level:Host,device_id:0|#hostname:86d5c1074db1,timestamp:1661842250
2022-08-30T06:50:50,198 - GPUUtilization.Percent:1|#Level:Host,device_id:0|#hostname:86d5c1074db1,timestamp:1661842250
2022-08-30T06:50:50,198 - MemoryAvailable.Megabytes:26295.54296875|#Level:Host|#hostname:86d5c1074db1,timestamp:1661842250
2022-08-30T06:50:50,199 - MemoryUsed.Megabytes:5089.3671875|#Level:Host|#hostname:86d5c1074db1,timestamp:1661842250
2022-08-30T06:50:50,199 - MemoryUtilization.Percent:17.7|#Level:Host|#hostname:86d5c1074db1,timestamp:1661842250
2022-08-30T06:50:57,833 - Requests2XX.Count:1|#Level:Host|#hostname:86d5c1074db1,timestamp:1661842257
2022-08-30T06:55:36,465 - CPUUtilization.Percent:0.0|#Level:Host|#hostname:7f3d8428b172,timestamp:1661842536
2022-08-30T06:55:36,466 - DiskAvailable.Gigabytes:50.11610412597656|#Level:Host|#hostname:7f3d8428b172,timestamp:1661842536
2022-08-30T06:55:36,466 - DiskUsage.Gigabytes:393.93592834472656|#Level:Host|#hostname:7f3d8428b172,timestamp:1661842536
2022-08-30T06:55:36,466 - DiskUtilization.Percent:88.7|#Level:Host|#hostname:7f3d8428b172,timestamp:1661842536
2022-08-30T06:55:36,466 - GPUMemoryUtilization.Percent:11.42578125|#Level:Host,device_id:0|#hostname:7f3d8428b172,timestamp:1661842536
2022-08-30T06:55:36,467 - GPUMemoryUsed.Megabytes:702|#Level:Host,device_id:0|#hostname:7f3d8428b172,timestamp:1661842536
2022-08-30T06:55:36,467 - GPUUtilization.Percent:0|#Level:Host,device_id:0|#hostname:7f3d8428b172,timestamp:1661842536
2022-08-30T06:55:36,467 - MemoryAvailable.Megabytes:24651.52734375|#Level:Host|#hostname:7f3d8428b172,timestamp:1661842536
2022-08-30T06:55:36,467 - MemoryUsed.Megabytes:6699.6328125|#Level:Host|#hostname:7f3d8428b172,timestamp:1661842536
2022-08-30T06:55:36,468 - MemoryUtilization.Percent:22.9|#Level:Host|#hostname:7f3d8428b172,timestamp:1661842536
2022-08-30T06:55:39,486 - W-9000-densenet161_1.0.ms:3762|#Level:Host|#hostname:7f3d8428b172,timestamp:1661842539
2022-08-30T06:55:39,487 - WorkerThreadTime.ms:25|#Level:Host|#hostname:7f3d8428b172,timestamp:1661842539
2022-08-30T06:55:49,218 - Requests2XX.Count:1|#Level:Host|#hostname:7f3d8428b172,timestamp:1661842549
2022-08-30T06:56:44,413 - CPUUtilization.Percent:0.0|#Level:Host|#hostname:c1f4ff45b476,timestamp:1661842604
2022-08-30T06:56:44,413 - DiskAvailable.Gigabytes:49.867835998535156|#Level:Host|#hostname:c1f4ff45b476,timestamp:1661842604
2022-08-30T06:56:44,414 - DiskUsage.Gigabytes:394.18419647216797|#Level:Host|#hostname:c1f4ff45b476,timestamp:1661842604
2022-08-30T06:56:44,414 - DiskUtilization.Percent:88.8|#Level:Host|#hostname:c1f4ff45b476,timestamp:1661842604
2022-08-30T06:56:44,414 - GPUMemoryUtilization.Percent:11.588541666666666|#Level:Host,device_id:0|#hostname:c1f4ff45b476,timestamp:1661842604
2022-08-30T06:56:44,414 - GPUMemoryUsed.Megabytes:712|#Level:Host,device_id:0|#hostname:c1f4ff45b476,timestamp:1661842604
2022-08-30T06:56:44,414 - GPUUtilization.Percent:56|#Level:Host,device_id:0|#hostname:c1f4ff45b476,timestamp:1661842604
2022-08-30T06:56:44,415 - MemoryAvailable.Megabytes:24551.11328125|#Level:Host|#hostname:c1f4ff45b476,timestamp:1661842604
2022-08-30T06:56:44,415 - MemoryUsed.Megabytes:6791.80078125|#Level:Host|#hostname:c1f4ff45b476,timestamp:1661842604
2022-08-30T06:56:44,415 - MemoryUtilization.Percent:23.2|#Level:Host|#hostname:c1f4ff45b476,timestamp:1661842604
2022-08-30T06:56:46,546 - W-9000-densenet161_1.0.ms:2941|#Level:Host|#hostname:c1f4ff45b476,timestamp:1661842606
2022-08-30T06:56:46,546 - WorkerThreadTime.ms:23|#Level:Host|#hostname:c1f4ff45b476,timestamp:1661842606
2022-08-30T06:56:47,755 - Requests2XX.Count:1|#Level:Host|#hostname:c1f4ff45b476,timestamp:1661842607
2022-08-30T06:57:02,426 - CPUUtilization.Percent:0.0|#Level:Host|#hostname:148f9db9e5dd,timestamp:1661842622
2022-08-30T06:57:02,427 - DiskAvailable.Gigabytes:49.79938507080078|#Level:Host|#hostname:148f9db9e5dd,timestamp:1661842622
2022-08-30T06:57:02,427 - DiskUsage.Gigabytes:394.25264739990234|#Level:Host|#hostname:148f9db9e5dd,timestamp:1661842622
2022-08-30T06:57:02,427 - DiskUtilization.Percent:88.8|#Level:Host|#hostname:148f9db9e5dd,timestamp:1661842622
2022-08-30T06:57:02,427 - GPUMemoryUtilization.Percent:11.930338541666666|#Level:Host,device_id:0|#hostname:148f9db9e5dd,timestamp:1661842622
2022-08-30T06:57:02,428 - GPUMemoryUsed.Megabytes:733|#Level:Host,device_id:0|#hostname:148f9db9e5dd,timestamp:1661842622
2022-08-30T06:57:02,428 - GPUUtilization.Percent:46|#Level:Host,device_id:0|#hostname:148f9db9e5dd,timestamp:1661842622
2022-08-30T06:57:02,428 - MemoryAvailable.Megabytes:24517.375|#Level:Host|#hostname:148f9db9e5dd,timestamp:1661842622
2022-08-30T06:57:02,428 - MemoryUsed.Megabytes:6827.0|#Level:Host|#hostname:148f9db9e5dd,timestamp:1661842622
2022-08-30T06:57:02,428 - MemoryUtilization.Percent:23.3|#Level:Host|#hostname:148f9db9e5dd,timestamp:1661842622
2022-08-30T06:57:04,645 - W-9000-densenet161_1.0.ms:2997|#Level:Host|#hostname:148f9db9e5dd,timestamp:1661842624
2022-08-30T06:57:04,645 - WorkerThreadTime.ms:24|#Level:Host|#hostname:148f9db9e5dd,timestamp:1661842624
2022-08-30T06:57:05,403 - Requests2XX.Count:1|#Level:Host|#hostname:148f9db9e5dd,timestamp:1661842625
2022-08-30T06:57:35,630 - CPUUtilization.Percent:66.7|#Level:Host|#hostname:148f9db9e5dd,timestamp:1661842655
2022-08-30T06:57:35,631 - DiskAvailable.Gigabytes:49.66150665283203|#Level:Host|#hostname:148f9db9e5dd,timestamp:1661842655
2022-08-30T06:57:35,631 - DiskUsage.Gigabytes:394.3905258178711|#Level:Host|#hostname:148f9db9e5dd,timestamp:1661842655
2022-08-30T06:57:35,631 - DiskUtilization.Percent:88.8|#Level:Host|#hostname:148f9db9e5dd,timestamp:1661842655
2022-08-30T06:57:35,631 - GPUMemoryUtilization.Percent:11.083984375|#Level:Host,device_id:0|#hostname:148f9db9e5dd,timestamp:1661842655
2022-08-30T06:57:35,632 - GPUMemoryUsed.Megabytes:681|#Level:Host,device_id:0|#hostname:148f9db9e5dd,timestamp:1661842655
2022-08-30T06:57:35,632 - GPUUtilization.Percent:43|#Level:Host,device_id:0|#hostname:148f9db9e5dd,timestamp:1661842655
2022-08-30T06:57:35,632 - MemoryAvailable.Megabytes:24667.08984375|#Level:Host|#hostname:148f9db9e5dd,timestamp:1661842655
2022-08-30T06:57:35,632 - MemoryUsed.Megabytes:6688.1640625|#Level:Host|#hostname:148f9db9e5dd,timestamp:1661842655
2022-08-30T06:57:35,633 - MemoryUtilization.Percent:22.8|#Level:Host|#hostname:148f9db9e5dd,timestamp:1661842655
2022-08-30T06:57:37,748 - Requests2XX.Count:1|#Level:Host|#hostname:148f9db9e5dd,timestamp:1661842657
2022-08-30T06:57:46,220 - Requests2XX.Count:1|#Level:Host|#hostname:148f9db9e5dd,timestamp:1661842657
2022-08-30T06:58:17,341 - CPUUtilization.Percent:0.0|#Level:Host|#hostname:148f9db9e5dd,timestamp:1661842697
2022-08-30T06:58:17,341 - DiskAvailable.Gigabytes:49.36098861694336|#Level:Host|#hostname:148f9db9e5dd,timestamp:1661842697
2022-08-30T06:58:17,342 - DiskUsage.Gigabytes:394.69104385375977|#Level:Host|#hostname:148f9db9e5dd,timestamp:1661842697
2022-08-30T06:58:17,342 - DiskUtilization.Percent:88.9|#Level:Host|#hostname:148f9db9e5dd,timestamp:1661842697
2022-08-30T06:58:17,342 - GPUMemoryUtilization.Percent:10.953776041666666|#Level:Host,device_id:0|#hostname:148f9db9e5dd,timestamp:1661842697
2022-08-30T06:58:17,342 - GPUMemoryUsed.Megabytes:673|#Level:Host,device_id:0|#hostname:148f9db9e5dd,timestamp:1661842697
2022-08-30T06:58:17,343 - GPUUtilization.Percent:64|#Level:Host,device_id:0|#hostname:148f9db9e5dd,timestamp:1661842697
2022-08-30T06:58:17,343 - MemoryAvailable.Megabytes:24538.32421875|#Level:Host|#hostname:148f9db9e5dd,timestamp:1661842697
2022-08-30T06:58:17,343 - MemoryUsed.Megabytes:6816.9140625|#Level:Host|#hostname:148f9db9e5dd,timestamp:1661842697
2022-08-30T06:58:17,343 - MemoryUtilization.Percent:23.2|#Level:Host|#hostname:148f9db9e5dd,timestamp:1661842697
2022-08-30T06:58:19,470 - W-9000-densenet161_1.0.ms:2919|#Level:Host|#hostname:148f9db9e5dd,timestamp:1661842699
2022-08-30T06:58:19,470 - WorkerThreadTime.ms:26|#Level:Host|#hostname:148f9db9e5dd,timestamp:1661842699
2022-08-30T06:58:37,029 - Requests2XX.Count:1|#Level:Host|#hostname:148f9db9e5dd,timestamp:1661842714
2022-08-30T06:58:37,029 - QueueTime.ms:0|#Level:Host|#hostname:148f9db9e5dd,timestamp:1661842717
2022-08-30T06:58:37,029 - WorkerThreadTime.ms:3|#Level:Host|#hostname:148f9db9e5dd,timestamp:1661842717
